<wmdr:WIGOSMetadataRecord xmlns:wmdr="http://def.wmo.int/wmdr/2017" xmlns:xlink="http://www.w3.org/1999/xlink" xmlns:gmd="http://www.isotc211.org/2005/gmd" xmlns:gco="http://www.isotc211.org/2005/gco" xmlns:om="http://www.opengis.net/om/2.0" xmlns:gml="http://www.opengis.net/gml/3.2" xmlns:sam="http://www.opengis.net/sampling/2.0" xmlns:sams="http://www.opengis.net/samplingSpatial/2.0" xmlns:xsi="http://www.w3.org/2001/XMLSchema-instance" gml:id="id1" xsi:schemaLocation="http://def.wmo.int/wmdr/2017 http://schemas.wmo.int/wmdr/1.0RC9/wmdr.xsd">
  <wmdr:headerInformation owns="false">
    <wmdr:Header/>
  </wmdr:headerInformation>
  <wmdr:facility>
    <wmdr:ObservingFacility gml:id="_0-76-0-1303304000000594">
      <gml:identifier codeSpace="http://wigos.wmo.int">0-76-0-1303304000000594</gml:identifier>
      <gml:name>Novo Aripuan√£</gml:name>
      <wmdr:responsibleParty>
        <wmdr:ResponsibleParty>
          <wmdr:responsibleParty>
            <gmd:CI_ResponsibleParty>
              <gmd:organisationName>
                <gco:CharacterString>INMET</gco:CharacterString>
              </gmd:organisationName>
              <gmd:role>
                <gmd:CI_RoleCode codeList="http://www.isotc211.org/2005/resources/Codelist/gmxCodelists#CI_RoleCode" codeListValue="pointOfContact"/>
              </gmd:role>
            </gmd:CI_ResponsibleParty>
          </wmdr:responsibleParty>
          <wmdr:validPeriod>
            <gml:TimePeriod gml:id="tp_party_1">
              <gml:beginPosition>2019-07-18</gml:beginPosition>
              <gml:endPosition/>
            </gml:TimePeriod>
          </wmdr:validPeriod>
        </wmdr:ResponsibleParty>
      </wmdr:responsibleParty>
      <wmdr:geospatialLocation>
        <wmdr:GeospatialLocation>
          <wmdr:geoLocation>
            <gml:Point gml:id="p1">
              <gml:pos>-5.141139 -60.380531000000005 45.0</gml:pos>
            </gml:Point>
          </wmdr:geoLocation>
          <wmdr:validPeriod>
            <gml:TimePeriod gml:id="tp_geop_1">
              <gml:beginPosition>2019-07-18</gml:beginPosition>
              <gml:endPosition/>
            </gml:TimePeriod>
          </wmdr:validPeriod>
        </wmdr:GeospatialLocation>
      </wmdr:geospatialLocation>
      <wmdr:onlineResource>
        <gmd:CI_OnlineResource>
          <gmd:linkage>
            <gmd:URL>https://test.de</gmd:URL>
          </gmd:linkage>
        </gmd:CI_OnlineResource>
      </wmdr:onlineResource>
      <wmdr:onlineResource>
        <gmd:CI_OnlineResource>
          <gmd:linkage>
            <gmd:URL>https://test.de/2</gmd:URL>
          </gmd:linkage>
        </gmd:CI_OnlineResource>
      </wmdr:onlineResource>
      <wmdr:description>
        <wmdr:Description>
          <wmdr:description>Automatic weather station</wmdr:description>
          <wmdr:validPeriod xlink:type="simple">
            <gml:TimePeriod gml:id="desc_1">
              <gml:beginPosition>2019-07-18</gml:beginPosition>
              <gml:endPosition/>
            </gml:TimePeriod>
          </wmdr:validPeriod>
        </wmdr:Description>
      </wmdr:description>
      <wmdr:facilityType xlink:href="http://codes.wmo.int/wmdr/FacilityType/landFixed"/>
      <wmdr:dateEstablished>2019-07-18</wmdr:dateEstablished>
      <wmdr:wmoRegion xlink:href="http://codes.wmo.int/wmdr/WMORegion/southAmerica"/>
      <wmdr:territory>
        <wmdr:Territory>
          <wmdr:territoryName xlink:href="http://codes.wmo.int/wmdr/TerritoryName/BRA"/>
          <wmdr:validPeriod>
            <gml:TimePeriod gml:id="tp_territory_1">
              <gml:beginPosition>2019-07-18</gml:beginPosition>
              <gml:endPosition/>
            </gml:TimePeriod>
          </wmdr:validPeriod>
        </wmdr:Territory>
      </wmdr:territory>
      <wmdr:programAffiliation>
        <wmdr:ProgramAffiliation>
          <wmdr:programAffiliation xlink:href="http://codes.wmo.int/wmdr/ProgramAffiliation/GOS"/>
          <wmdr:reportingStatus>
            <wmdr:ReportingStatus>
              <wmdr:reportingStatus xlink:type="simple" xlink:href="http://codes.wmo.int/wmdr/operational"/>
              <wmdr:validPeriod xlink:type="simple">
                <gml:TimePeriod gml:id="affiliation_1_status">
                  <gml:beginPosition>2019-07-18</gml:beginPosition>
                  <gml:endPosition/>
                </gml:TimePeriod>
              </wmdr:validPeriod>
            </wmdr:ReportingStatus>
          </wmdr:reportingStatus>
        </wmdr:ProgramAffiliation>
      </wmdr:programAffiliation>
      <wmdr:observation>
        <wmdr:ObservingCapability gml:id="obsCap_1">
          <wmdr:facility xlink:href="_0-76-0-1303304000000594"/>
          <wmdr:programAffiliation xlink:href="http://codes.wmo.int/wmdr/ProgramAffiliation/GOS"/>
          <wmdr:observation>
            <om:OM_Observation gml:id="obs_1">
              <om:type xlink:href="http://codes.wmo.int/wmdr/featureOfInterest/point"/>
              <om:phenomenonTime>
                <gml:TimePeriod gml:id="pt_tp_1_1">
                  <gml:beginPosition>2019-07-18</gml:beginPosition>
                  <gml:endPosition/>
                </gml:TimePeriod>
              </om:phenomenonTime>
              <om:resultTime/>
              <om:procedure>
                <wmdr:Process gml:id="proc_1_1">
                  <wmdr:deployment>
                    <wmdr:Deployment gml:id="depl_1_1">
                      <wmdr:dataGeneration>
                        <wmdr:DataGeneration gml:id="dg_1_1">
                          <wmdr:validPeriod>
                            <gml:TimePeriod gml:id="dg_tp_1_1">
                              <gml:beginPosition>2019-07-18</gml:beginPosition>
                              <gml:endPosition/>
                            </gml:TimePeriod>
                          </wmdr:validPeriod>
                          <wmdr:schedule>
                            <wmdr:Schedule>
                              <wmdr:startMonth>1</wmdr:startMonth>
                              <wmdr:endMonth>12</wmdr:endMonth>
                              <wmdr:startWeekday>1</wmdr:startWeekday>
                              <wmdr:endWeekday>7</wmdr:endWeekday>
                              <wmdr:startHour>0</wmdr:startHour>
                              <wmdr:endHour>23</wmdr:endHour>
                              <wmdr:startMinute>0</wmdr:startMinute>
                              <wmdr:endMinute>59</wmdr:endMinute>
                              <wmdr:diurnalBaseTime>00:00:00Z</wmdr:diurnalBaseTime>
                            </wmdr:Schedule>
                          </wmdr:schedule>
                          <wmdr:sampling>
                            <wmdr:Sampling>
                              <wmdr:samplingStrategy xlink:href="http://codes.wmo.int/common/wmdr/SamplingStrategy/continuous"/>
                            </wmdr:Sampling>
                          </wmdr:sampling>
                          <wmdr:reporting>
                            <wmdr:Reporting>
                              <wmdr:internationalExchange>true</wmdr:internationalExchange>
                              <wmdr:uom xlink:type="simple"/>
                              <wmdr:temporalReportingInterval>PT3600S</wmdr:temporalReportingInterval>
                            </wmdr:Reporting>
                          </wmdr:reporting>
                        </wmdr:DataGeneration>
                      </wmdr:dataGeneration>
                      <wmdr:validPeriod>
                        <gml:TimePeriod gml:id="vp_1_1">
                          <gml:beginPosition>2019-07-18</gml:beginPosition>
                          <gml:endPosition/>
                        </gml:TimePeriod>
                      </wmdr:validPeriod>
                      <wmdr:applicationArea/>
                      <wmdr:sourceOfObservation xlink:href="http://codes.wmo.int/wmdr/SourceOfObservation/automaticReading"/>
                    </wmdr:Deployment>
                  </wmdr:deployment>
                </wmdr:Process>
              </om:procedure>
              <om:observedProperty xlink:href="224"/>
              <om:featureOfInterest/>
              <om:result xlink:type="simple">
                <wmdr:ResultSet>
                  <wmdr:distributionInfo>
                    <gmd:MD_Distribution>
                      <gmd:transferOptions xlink:type="simple">
                        <gmd:MD_DigitalTransferOptions>
                          <gmd:onLine xlink:type="simple">
                            <gmd:CI_OnlineResource>
                              <gmd:linkage/>
                              <gmd:description>
                                <gco:CharacterString>NRT</gco:CharacterString>
                              </gmd:description>
                            </gmd:CI_OnlineResource>
                          </gmd:onLine>
                        </gmd:MD_DigitalTransferOptions>
                      </gmd:transferOptions>
                    </gmd:MD_Distribution>
                  </wmdr:distributionInfo>
                </wmdr:ResultSet>
              </om:result>
            </om:OM_Observation>
          </wmdr:observation>
        </wmdr:ObservingCapability>
      </wmdr:observation>
      <wmdr:observation>
        <wmdr:ObservingCapability gml:id="obsCap_2">
          <wmdr:facility xlink:href="_0-76-0-1303304000000594"/>
          <wmdr:programAffiliation xlink:href="http://codes.wmo.int/wmdr/ProgramAffiliation/GOS"/>
          <wmdr:observation>
            <om:OM_Observation gml:id="obs_2">
              <om:type xlink:href="http://codes.wmo.int/wmdr/featureOfInterest/point"/>
              <om:phenomenonTime>
                <gml:TimePeriod gml:id="pt_tp_2_1">
                  <gml:beginPosition>2019-07-18</gml:beginPosition>
                  <gml:endPosition/>
                </gml:TimePeriod>
              </om:phenomenonTime>
              <om:resultTime/>
              <om:procedure>
                <wmdr:Process gml:id="proc_2_1">
                  <wmdr:deployment>
                    <wmdr:Deployment gml:id="depl_2_1">
                      <wmdr:dataGeneration>
                        <wmdr:DataGeneration gml:id="dg_2_1">
                          <wmdr:validPeriod>
                            <gml:TimePeriod gml:id="dg_tp_2_1">
                              <gml:beginPosition>2019-07-18</gml:beginPosition>
                              <gml:endPosition/>
                            </gml:TimePeriod>
                          </wmdr:validPeriod>
                          <wmdr:schedule>
                            <wmdr:Schedule>
                              <wmdr:startMonth>1</wmdr:startMonth>
                              <wmdr:endMonth>12</wmdr:endMonth>
                              <wmdr:startWeekday>1</wmdr:startWeekday>
                              <wmdr:endWeekday>7</wmdr:endWeekday>
                              <wmdr:startHour>0</wmdr:startHour>
                              <wmdr:endHour>23</wmdr:endHour>
                              <wmdr:startMinute>0</wmdr:startMinute>
                              <wmdr:endMinute>59</wmdr:endMinute>
                              <wmdr:diurnalBaseTime>00:00:00Z</wmdr:diurnalBaseTime>
                            </wmdr:Schedule>
                          </wmdr:schedule>
                          <wmdr:sampling>
                            <wmdr:Sampling>
                              <wmdr:samplingStrategy xlink:href="http://codes.wmo.int/common/wmdr/SamplingStrategy/continuous"/>
                            </wmdr:Sampling>
                          </wmdr:sampling>
                          <wmdr:reporting>
                            <wmdr:Reporting>
                              <wmdr:internationalExchange>true</wmdr:internationalExchange>
                              <wmdr:uom xlink:type="simple"/>
                              <wmdr:temporalReportingInterval>PT3600S</wmdr:temporalReportingInterval>
                            </wmdr:Reporting>
                          </wmdr:reporting>
                        </wmdr:DataGeneration>
                      </wmdr:dataGeneration>
                      <wmdr:validPeriod>
                        <gml:TimePeriod gml:id="vp_2_1">
                          <gml:beginPosition>2019-07-18</gml:beginPosition>
                          <gml:endPosition/>
                        </gml:TimePeriod>
                      </wmdr:validPeriod>
                      <wmdr:applicationArea/>
                      <wmdr:sourceOfObservation xlink:href="http://codes.wmo.int/wmdr/SourceOfObservation/automaticReading"/>
                    </wmdr:Deployment>
                  </wmdr:deployment>
                </wmdr:Process>
              </om:procedure>
              <om:observedProperty xlink:href="251"/>
              <om:featureOfInterest/>
              <om:result xlink:type="simple">
                <wmdr:ResultSet>
                  <wmdr:distributionInfo>
                    <gmd:MD_Distribution>
                      <gmd:transferOptions xlink:type="simple">
                        <gmd:MD_DigitalTransferOptions>
                          <gmd:onLine xlink:type="simple">
                            <gmd:CI_OnlineResource>
                              <gmd:linkage/>
                              <gmd:description>
                                <gco:CharacterString>NRT</gco:CharacterString>
                              </gmd:description>
                            </gmd:CI_OnlineResource>
                          </gmd:onLine>
                        </gmd:MD_DigitalTransferOptions>
                      </gmd:transferOptions>
                    </gmd:MD_Distribution>
                  </wmdr:distributionInfo>
                </wmdr:ResultSet>
              </om:result>
            </om:OM_Observation>
          </wmdr:observation>
        </wmdr:ObservingCapability>
      </wmdr:observation>
      <wmdr:observation>
        <wmdr:ObservingCapability gml:id="obsCap_3">
          <wmdr:facility xlink:href="_0-76-0-1303304000000594"/>
          <wmdr:programAffiliation xlink:href="http://codes.wmo.int/wmdr/ProgramAffiliation/GOS"/>
          <wmdr:observation>
            <om:OM_Observation gml:id="obs_3">
              <om:type xlink:href="http://codes.wmo.int/wmdr/featureOfInterest/point"/>
              <om:phenomenonTime>
                <gml:TimePeriod gml:id="pt_tp_3_1">
                  <gml:beginPosition>2019-07-18</gml:beginPosition>
                  <gml:endPosition/>
                </gml:TimePeriod>
              </om:phenomenonTime>
              <om:resultTime/>
              <om:procedure>
                <wmdr:Process gml:id="proc_3_1">
                  <wmdr:deployment>
                    <wmdr:Deployment gml:id="depl_3_1">
                      <wmdr:dataGeneration>
                        <wmdr:DataGeneration gml:id="dg_3_1">
                          <wmdr:validPeriod>
                            <gml:TimePeriod gml:id="dg_tp_3_1">
                              <gml:beginPosition>2019-07-18</gml:beginPosition>
                              <gml:endPosition/>
                            </gml:TimePeriod>
                          </wmdr:validPeriod>
                          <wmdr:schedule>
                            <wmdr:Schedule>
                              <wmdr:startMonth>1</wmdr:startMonth>
                              <wmdr:endMonth>12</wmdr:endMonth>
                              <wmdr:startWeekday>1</wmdr:startWeekday>
                              <wmdr:endWeekday>7</wmdr:endWeekday>
                              <wmdr:startHour>0</wmdr:startHour>
                              <wmdr:endHour>23</wmdr:endHour>
                              <wmdr:startMinute>0</wmdr:startMinute>
                              <wmdr:endMinute>59</wmdr:endMinute>
                              <wmdr:diurnalBaseTime>00:00:00Z</wmdr:diurnalBaseTime>
                            </wmdr:Schedule>
                          </wmdr:schedule>
                          <wmdr:sampling>
                            <wmdr:Sampling>
                              <wmdr:samplingStrategy xlink:href="http://codes.wmo.int/common/wmdr/SamplingStrategy/continuous"/>
                            </wmdr:Sampling>
                          </wmdr:sampling>
                          <wmdr:reporting>
                            <wmdr:Reporting>
                              <wmdr:internationalExchange>true</wmdr:internationalExchange>
                              <wmdr:uom xlink:type="simple"/>
                              <wmdr:temporalReportingInterval>PT3600S</wmdr:temporalReportingInterval>
                            </wmdr:Reporting>
                          </wmdr:reporting>
                        </wmdr:DataGeneration>
                      </wmdr:dataGeneration>
                      <wmdr:validPeriod>
                        <gml:TimePeriod gml:id="vp_3_1">
                          <gml:beginPosition>2019-07-18</gml:beginPosition>
                          <gml:endPosition/>
                        </gml:TimePeriod>
                      </wmdr:validPeriod>
                      <wmdr:applicationArea/>
                      <wmdr:sourceOfObservation xlink:href="http://codes.wmo.int/wmdr/SourceOfObservation/automaticReading"/>
                    </wmdr:Deployment>
                  </wmdr:deployment>
                </wmdr:Process>
              </om:procedure>
              <om:observedProperty xlink:href="225"/>
              <om:featureOfInterest/>
              <om:result xlink:type="simple">
                <wmdr:ResultSet>
                  <wmdr:distributionInfo>
                    <gmd:MD_Distribution>
                      <gmd:transferOptions xlink:type="simple">
                        <gmd:MD_DigitalTransferOptions>
                          <gmd:onLine xlink:type="simple">
                            <gmd:CI_OnlineResource>
                              <gmd:linkage/>
                              <gmd:description>
                                <gco:CharacterString>NRT</gco:CharacterString>
                              </gmd:description>
                            </gmd:CI_OnlineResource>
                          </gmd:onLine>
                        </gmd:MD_DigitalTransferOptions>
                      </gmd:transferOptions>
                    </gmd:MD_Distribution>
                  </wmdr:distributionInfo>
                </wmdr:ResultSet>
              </om:result>
            </om:OM_Observation>
          </wmdr:observation>
        </wmdr:ObservingCapability>
      </wmdr:observation>
      <wmdr:observation>
        <wmdr:ObservingCapability gml:id="obsCap_4">
          <wmdr:facility xlink:href="_0-76-0-1303304000000594"/>
          <wmdr:programAffiliation xlink:href="http://codes.wmo.int/wmdr/ProgramAffiliation/GOS"/>
          <wmdr:observation>
            <om:OM_Observation gml:id="obs_4">
              <om:type xlink:href="http://codes.wmo.int/wmdr/featureOfInterest/point"/>
              <om:phenomenonTime>
                <gml:TimePeriod gml:id="pt_tp_4_1">
                  <gml:beginPosition>2019-07-18</gml:beginPosition>
                  <gml:endPosition/>
                </gml:TimePeriod>
              </om:phenomenonTime>
              <om:resultTime/>
              <om:procedure>
                <wmdr:Process gml:id="proc_4_1">
                  <wmdr:deployment>
                    <wmdr:Deployment gml:id="depl_4_1">
                      <wmdr:dataGeneration>
                        <wmdr:DataGeneration gml:id="dg_4_1">
                          <wmdr:validPeriod>
                            <gml:TimePeriod gml:id="dg_tp_4_1">
                              <gml:beginPosition>2019-07-18</gml:beginPosition>
                              <gml:endPosition/>
                            </gml:TimePeriod>
                          </wmdr:validPeriod>
                          <wmdr:schedule>
                            <wmdr:Schedule>
                              <wmdr:startMonth>1</wmdr:startMonth>
                              <wmdr:endMonth>12</wmdr:endMonth>
                              <wmdr:startWeekday>1</wmdr:startWeekday>
                              <wmdr:endWeekday>7</wmdr:endWeekday>
                              <wmdr:startHour>0</wmdr:startHour>
                              <wmdr:endHour>23</wmdr:endHour>
                              <wmdr:startMinute>0</wmdr:startMinute>
                              <wmdr:endMinute>59</wmdr:endMinute>
                              <wmdr:diurnalBaseTime>00:00:00Z</wmdr:diurnalBaseTime>
                            </wmdr:Schedule>
                          </wmdr:schedule>
                          <wmdr:sampling>
                            <wmdr:Sampling>
                              <wmdr:samplingStrategy xlink:href="http://codes.wmo.int/common/wmdr/SamplingStrategy/continuous"/>
                            </wmdr:Sampling>
                          </wmdr:sampling>
                          <wmdr:reporting>
                            <wmdr:Reporting>
                              <wmdr:internationalExchange>true</wmdr:internationalExchange>
                              <wmdr:uom xlink:type="simple"/>
                              <wmdr:temporalReportingInterval>PT3600S</wmdr:temporalReportingInterval>
                            </wmdr:Reporting>
                          </wmdr:reporting>
                        </wmdr:DataGeneration>
                      </wmdr:dataGeneration>
                      <wmdr:validPeriod>
                        <gml:TimePeriod gml:id="vp_4_1">
                          <gml:beginPosition>2019-07-18</gml:beginPosition>
                          <gml:endPosition/>
                        </gml:TimePeriod>
                      </wmdr:validPeriod>
                      <wmdr:applicationArea/>
                      <wmdr:sourceOfObservation xlink:href="http://codes.wmo.int/wmdr/SourceOfObservation/automaticReading"/>
                    </wmdr:Deployment>
                  </wmdr:deployment>
                </wmdr:Process>
              </om:procedure>
              <om:observedProperty xlink:href="216"/>
              <om:featureOfInterest/>
              <om:result xlink:type="simple">
                <wmdr:ResultSet>
                  <wmdr:distributionInfo>
                    <gmd:MD_Distribution>
                      <gmd:transferOptions xlink:type="simple">
                        <gmd:MD_DigitalTransferOptions>
                          <gmd:onLine xlink:type="simple">
                            <gmd:CI_OnlineResource>
                              <gmd:linkage/>
                              <gmd:description>
                                <gco:CharacterString>NRT</gco:CharacterString>
                              </gmd:description>
                            </gmd:CI_OnlineResource>
                          </gmd:onLine>
                        </gmd:MD_DigitalTransferOptions>
                      </gmd:transferOptions>
                    </gmd:MD_Distribution>
                  </wmdr:distributionInfo>
                </wmdr:ResultSet>
              </om:result>
            </om:OM_Observation>
          </wmdr:observation>
        </wmdr:ObservingCapability>
      </wmdr:observation>
      <wmdr:observation>
        <wmdr:ObservingCapability gml:id="obsCap_5">
          <wmdr:facility xlink:href="_0-76-0-1303304000000594"/>
          <wmdr:programAffiliation xlink:href="http://codes.wmo.int/wmdr/ProgramAffiliation/GOS"/>
          <wmdr:observation>
            <om:OM_Observation gml:id="obs_5">
              <om:type xlink:href="http://codes.wmo.int/wmdr/featureOfInterest/point"/>
              <om:phenomenonTime>
                <gml:TimePeriod gml:id="pt_tp_5_1">
                  <gml:beginPosition>2019-07-18</gml:beginPosition>
                  <gml:endPosition/>
                </gml:TimePeriod>
              </om:phenomenonTime>
              <om:resultTime/>
              <om:procedure>
                <wmdr:Process gml:id="proc_5_1">
                  <wmdr:deployment>
                    <wmdr:Deployment gml:id="depl_5_1">
                      <wmdr:dataGeneration>
                        <wmdr:DataGeneration gml:id="dg_5_1">
                          <wmdr:validPeriod>
                            <gml:TimePeriod gml:id="dg_tp_5_1">
                              <gml:beginPosition>2019-07-18</gml:beginPosition>
                              <gml:endPosition/>
                            </gml:TimePeriod>
                          </wmdr:validPeriod>
                          <wmdr:schedule>
                            <wmdr:Schedule>
                              <wmdr:startMonth>1</wmdr:startMonth>
                              <wmdr:endMonth>12</wmdr:endMonth>
                              <wmdr:startWeekday>1</wmdr:startWeekday>
                              <wmdr:endWeekday>7</wmdr:endWeekday>
                              <wmdr:startHour>0</wmdr:startHour>
                              <wmdr:endHour>23</wmdr:endHour>
                              <wmdr:startMinute>0</wmdr:startMinute>
                              <wmdr:endMinute>59</wmdr:endMinute>
                              <wmdr:diurnalBaseTime>00:00:00Z</wmdr:diurnalBaseTime>
                            </wmdr:Schedule>
                          </wmdr:schedule>
                          <wmdr:sampling>
                            <wmdr:Sampling>
                              <wmdr:samplingStrategy xlink:href="http://codes.wmo.int/common/wmdr/SamplingStrategy/continuous"/>
                            </wmdr:Sampling>
                          </wmdr:sampling>
                          <wmdr:reporting>
                            <wmdr:Reporting>
                              <wmdr:internationalExchange>true</wmdr:internationalExchange>
                              <wmdr:uom xlink:type="simple"/>
                              <wmdr:temporalReportingInterval>PT3600S</wmdr:temporalReportingInterval>
                            </wmdr:Reporting>
                          </wmdr:reporting>
                        </wmdr:DataGeneration>
                      </wmdr:dataGeneration>
                      <wmdr:validPeriod>
                        <gml:TimePeriod gml:id="vp_5_1">
                          <gml:beginPosition>2019-07-18</gml:beginPosition>
                          <gml:endPosition/>
                        </gml:TimePeriod>
                      </wmdr:validPeriod>
                      <wmdr:applicationArea/>
                      <wmdr:sourceOfObservation xlink:href="http://codes.wmo.int/wmdr/SourceOfObservation/automaticReading"/>
                    </wmdr:Deployment>
                  </wmdr:deployment>
                </wmdr:Process>
              </om:procedure>
              <om:observedProperty xlink:href="12005"/>
              <om:featureOfInterest/>
              <om:result xlink:type="simple">
                <wmdr:ResultSet>
                  <wmdr:distributionInfo>
                    <gmd:MD_Distribution>
                      <gmd:transferOptions xlink:type="simple">
                        <gmd:MD_DigitalTransferOptions>
                          <gmd:onLine xlink:type="simple">
                            <gmd:CI_OnlineResource>
                              <gmd:linkage/>
                              <gmd:description>
                                <gco:CharacterString>NRT</gco:CharacterString>
                              </gmd:description>
                            </gmd:CI_OnlineResource>
                          </gmd:onLine>
                        </gmd:MD_DigitalTransferOptions>
                      </gmd:transferOptions>
                    </gmd:MD_Distribution>
                  </wmdr:distributionInfo>
                </wmdr:ResultSet>
              </om:result>
            </om:OM_Observation>
          </wmdr:observation>
        </wmdr:ObservingCapability>
      </wmdr:observation>
      <wmdr:observation>
        <wmdr:ObservingCapability gml:id="obsCap_6">
          <wmdr:facility xlink:href="_0-76-0-1303304000000594"/>
          <wmdr:programAffiliation xlink:href="http://codes.wmo.int/wmdr/ProgramAffiliation/GOS"/>
          <wmdr:observation>
            <om:OM_Observation gml:id="obs_6">
              <om:type xlink:href="http://codes.wmo.int/wmdr/featureOfInterest/point"/>
              <om:phenomenonTime>
                <gml:TimePeriod gml:id="pt_tp_6_1">
                  <gml:beginPosition>2019-07-18</gml:beginPosition>
                  <gml:endPosition/>
                </gml:TimePeriod>
              </om:phenomenonTime>
              <om:resultTime/>
              <om:procedure>
                <wmdr:Process gml:id="proc_6_1">
                  <wmdr:deployment>
                    <wmdr:Deployment gml:id="depl_6_1">
                      <wmdr:dataGeneration>
                        <wmdr:DataGeneration gml:id="dg_6_1">
                          <wmdr:validPeriod>
                            <gml:TimePeriod gml:id="dg_tp_6_1">
                              <gml:beginPosition>2019-07-18</gml:beginPosition>
                              <gml:endPosition/>
                            </gml:TimePeriod>
                          </wmdr:validPeriod>
                          <wmdr:schedule>
                            <wmdr:Schedule>
                              <wmdr:startMonth>1</wmdr:startMonth>
                              <wmdr:endMonth>12</wmdr:endMonth>
                              <wmdr:startWeekday>1</wmdr:startWeekday>
                              <wmdr:endWeekday>7</wmdr:endWeekday>
                              <wmdr:startHour>0</wmdr:startHour>
                              <wmdr:endHour>23</wmdr:endHour>
                              <wmdr:startMinute>0</wmdr:startMinute>
                              <wmdr:endMinute>59</wmdr:endMinute>
                              <wmdr:diurnalBaseTime>00:00:00Z</wmdr:diurnalBaseTime>
                            </wmdr:Schedule>
                          </wmdr:schedule>
                          <wmdr:sampling>
                            <wmdr:Sampling>
                              <wmdr:samplingStrategy xlink:href="http://codes.wmo.int/common/wmdr/SamplingStrategy/continuous"/>
                            </wmdr:Sampling>
                          </wmdr:sampling>
                          <wmdr:reporting>
                            <wmdr:Reporting>
                              <wmdr:internationalExchange>true</wmdr:internationalExchange>
                              <wmdr:uom xlink:type="simple"/>
                              <wmdr:temporalReportingInterval>PT3600S</wmdr:temporalReportingInterval>
                            </wmdr:Reporting>
                          </wmdr:reporting>
                        </wmdr:DataGeneration>
                      </wmdr:dataGeneration>
                      <wmdr:validPeriod>
                        <gml:TimePeriod gml:id="vp_6_1">
                          <gml:beginPosition>2019-07-18</gml:beginPosition>
                          <gml:endPosition/>
                        </gml:TimePeriod>
                      </wmdr:validPeriod>
                      <wmdr:applicationArea/>
                      <wmdr:sourceOfObservation xlink:href="http://codes.wmo.int/wmdr/SourceOfObservation/automaticReading"/>
                    </wmdr:Deployment>
                  </wmdr:deployment>
                </wmdr:Process>
              </om:procedure>
              <om:observedProperty xlink:href="12006"/>
              <om:featureOfInterest/>
              <om:result xlink:type="simple">
                <wmdr:ResultSet>
                  <wmdr:distributionInfo>
                    <gmd:MD_Distribution>
                      <gmd:transferOptions xlink:type="simple">
                        <gmd:MD_DigitalTransferOptions>
                          <gmd:onLine xlink:type="simple">
                            <gmd:CI_OnlineResource>
                              <gmd:linkage/>
                              <gmd:description>
                                <gco:CharacterString>NRT</gco:CharacterString>
                              </gmd:description>
                            </gmd:CI_OnlineResource>
                          </gmd:onLine>
                        </gmd:MD_DigitalTransferOptions>
                      </gmd:transferOptions>
                    </gmd:MD_Distribution>
                  </wmdr:distributionInfo>
                </wmdr:ResultSet>
              </om:result>
            </om:OM_Observation>
          </wmdr:observation>
        </wmdr:ObservingCapability>
      </wmdr:observation>
      <wmdr:observation>
        <wmdr:ObservingCapability gml:id="obsCap_7">
          <wmdr:facility xlink:href="_0-76-0-1303304000000594"/>
          <wmdr:programAffiliation xlink:href="http://codes.wmo.int/wmdr/ProgramAffiliation/GOS"/>
          <wmdr:observation>
            <om:OM_Observation gml:id="obs_7">
              <om:type xlink:href="http://codes.wmo.int/wmdr/featureOfInterest/point"/>
              <om:phenomenonTime>
                <gml:TimePeriod gml:id="pt_tp_7_1">
                  <gml:beginPosition>2019-07-18</gml:beginPosition>
                  <gml:endPosition/>
                </gml:TimePeriod>
              </om:phenomenonTime>
              <om:resultTime/>
              <om:procedure>
                <wmdr:Process gml:id="proc_7_1">
                  <wmdr:deployment>
                    <wmdr:Deployment gml:id="depl_7_1">
                      <wmdr:dataGeneration>
                        <wmdr:DataGeneration gml:id="dg_7_1">
                          <wmdr:validPeriod>
                            <gml:TimePeriod gml:id="dg_tp_7_1">
                              <gml:beginPosition>2019-07-18</gml:beginPosition>
                              <gml:endPosition/>
                            </gml:TimePeriod>
                          </wmdr:validPeriod>
                          <wmdr:schedule>
                            <wmdr:Schedule>
                              <wmdr:startMonth>1</wmdr:startMonth>
                              <wmdr:endMonth>12</wmdr:endMonth>
                              <wmdr:startWeekday>1</wmdr:startWeekday>
                              <wmdr:endWeekday>7</wmdr:endWeekday>
                              <wmdr:startHour>0</wmdr:startHour>
                              <wmdr:endHour>23</wmdr:endHour>
                              <wmdr:startMinute>0</wmdr:startMinute>
                              <wmdr:endMinute>59</wmdr:endMinute>
                              <wmdr:diurnalBaseTime>00:00:00Z</wmdr:diurnalBaseTime>
                            </wmdr:Schedule>
                          </wmdr:schedule>
                          <wmdr:sampling>
                            <wmdr:Sampling>
                              <wmdr:samplingStrategy xlink:href="http://codes.wmo.int/common/wmdr/SamplingStrategy/continuous"/>
                            </wmdr:Sampling>
                          </wmdr:sampling>
                          <wmdr:reporting>
                            <wmdr:Reporting>
                              <wmdr:internationalExchange>true</wmdr:internationalExchange>
                              <wmdr:uom xlink:type="simple"/>
                              <wmdr:temporalReportingInterval>PT3600S</wmdr:temporalReportingInterval>
                            </wmdr:Reporting>
                          </wmdr:reporting>
                        </wmdr:DataGeneration>
                      </wmdr:dataGeneration>
                      <wmdr:validPeriod>
                        <gml:TimePeriod gml:id="vp_7_1">
                          <gml:beginPosition>2019-07-18</gml:beginPosition>
                          <gml:endPosition/>
                        </gml:TimePeriod>
                      </wmdr:validPeriod>
                      <wmdr:applicationArea/>
                      <wmdr:sourceOfObservation xlink:href="http://codes.wmo.int/wmdr/SourceOfObservation/automaticReading"/>
                    </wmdr:Deployment>
                  </wmdr:deployment>
                </wmdr:Process>
              </om:procedure>
              <om:observedProperty xlink:href="572"/>
              <om:featureOfInterest/>
              <om:result xlink:type="simple">
                <wmdr:ResultSet>
                  <wmdr:distributionInfo>
                    <gmd:MD_Distribution>
                      <gmd:transferOptions xlink:type="simple">
                        <gmd:MD_DigitalTransferOptions>
                          <gmd:onLine xlink:type="simple">
                            <gmd:CI_OnlineResource>
                              <gmd:linkage/>
                              <gmd:description>
                                <gco:CharacterString>NRT</gco:CharacterString>
                              </gmd:description>
                            </gmd:CI_OnlineResource>
                          </gmd:onLine>
                        </gmd:MD_DigitalTransferOptions>
                      </gmd:transferOptions>
                    </gmd:MD_Distribution>
                  </wmdr:distributionInfo>
                </wmdr:ResultSet>
              </om:result>
            </om:OM_Observation>
          </wmdr:observation>
        </wmdr:ObservingCapability>
      </wmdr:observation>
      <wmdr:observation>
        <wmdr:ObservingCapability gml:id="obsCap_8">
          <wmdr:facility xlink:href="_0-76-0-1303304000000594"/>
          <wmdr:programAffiliation xlink:href="http://codes.wmo.int/wmdr/ProgramAffiliation/GOS"/>
          <wmdr:observation>
            <om:OM_Observation gml:id="obs_8">
              <om:type xlink:href="http://codes.wmo.int/wmdr/featureOfInterest/point"/>
              <om:phenomenonTime>
                <gml:TimePeriod gml:id="pt_tp_8_1">
                  <gml:beginPosition>2019-07-18</gml:beginPosition>
                  <gml:endPosition/>
                </gml:TimePeriod>
              </om:phenomenonTime>
              <om:resultTime/>
              <om:procedure>
                <wmdr:Process gml:id="proc_8_1">
                  <wmdr:deployment>
                    <wmdr:Deployment gml:id="depl_8_1">
                      <wmdr:dataGeneration>
                        <wmdr:DataGeneration gml:id="dg_8_1">
                          <wmdr:validPeriod>
                            <gml:TimePeriod gml:id="dg_tp_8_1">
                              <gml:beginPosition>2019-07-18</gml:beginPosition>
                              <gml:endPosition/>
                            </gml:TimePeriod>
                          </wmdr:validPeriod>
                          <wmdr:schedule>
                            <wmdr:Schedule>
                              <wmdr:startMonth>1</wmdr:startMonth>
                              <wmdr:endMonth>12</wmdr:endMonth>
                              <wmdr:startWeekday>1</wmdr:startWeekday>
                              <wmdr:endWeekday>7</wmdr:endWeekday>
                              <wmdr:startHour>0</wmdr:startHour>
                              <wmdr:endHour>23</wmdr:endHour>
                              <wmdr:startMinute>0</wmdr:startMinute>
                              <wmdr:endMinute>59</wmdr:endMinute>
                              <wmdr:diurnalBaseTime>00:00:00Z</wmdr:diurnalBaseTime>
                            </wmdr:Schedule>
                          </wmdr:schedule>
                          <wmdr:sampling>
                            <wmdr:Sampling>
                              <wmdr:samplingStrategy xlink:href="http://codes.wmo.int/common/wmdr/SamplingStrategy/continuous"/>
                            </wmdr:Sampling>
                          </wmdr:sampling>
                          <wmdr:reporting>
                            <wmdr:Reporting>
                              <wmdr:internationalExchange>true</wmdr:internationalExchange>
                              <wmdr:uom xlink:type="simple"/>
                              <wmdr:temporalReportingInterval>PT3600S</wmdr:temporalReportingInterval>
                            </wmdr:Reporting>
                          </wmdr:reporting>
                        </wmdr:DataGeneration>
                      </wmdr:dataGeneration>
                      <wmdr:validPeriod>
                        <gml:TimePeriod gml:id="vp_8_1">
                          <gml:beginPosition>2019-07-18</gml:beginPosition>
                          <gml:endPosition/>
                        </gml:TimePeriod>
                      </wmdr:validPeriod>
                      <wmdr:applicationArea/>
                      <wmdr:sourceOfObservation xlink:href="http://codes.wmo.int/wmdr/SourceOfObservation/automaticReading"/>
                    </wmdr:Deployment>
                  </wmdr:deployment>
                </wmdr:Process>
              </om:procedure>
              <om:observedProperty xlink:href="210"/>
              <om:featureOfInterest/>
              <om:result xlink:type="simple">
                <wmdr:ResultSet>
                  <wmdr:distributionInfo>
                    <gmd:MD_Distribution>
                      <gmd:transferOptions xlink:type="simple">
                        <gmd:MD_DigitalTransferOptions>
                          <gmd:onLine xlink:type="simple">
                            <gmd:CI_OnlineResource>
                              <gmd:linkage/>
                              <gmd:description>
                                <gco:CharacterString>NRT</gco:CharacterString>
                              </gmd:description>
                            </gmd:CI_OnlineResource>
                          </gmd:onLine>
                        </gmd:MD_DigitalTransferOptions>
                      </gmd:transferOptions>
                    </gmd:MD_Distribution>
                  </wmdr:distributionInfo>
                </wmdr:ResultSet>
              </om:result>
            </om:OM_Observation>
          </wmdr:observation>
        </wmdr:ObservingCapability>
      </wmdr:observation>
    </wmdr:ObservingFacility>
  </wmdr:facility>
</wmdr:WIGOSMetadataRecord>
